<?xml version="1.0" encoding="UTF-8"?>
<testsuite name="com.epam.esm.task5.repository.QuestRepositoryTransactionTest" tests="2" skipped="2" failures="0" errors="0" timestamp="2018-10-24T10:31:11" hostname="EPBYMINW8115" time="0.001">
  <properties/>
  <testcase name="saveQuestWithTags_TagNameDuplicationException_transactionRollback" classname="com.epam.esm.task5.repository.QuestRepositoryTransactionTest" time="0.0">
    <skipped/>
  </testcase>
  <testcase name="saveQuestWithTags_successfulScenario_transactionCommit" classname="com.epam.esm.task5.repository.QuestRepositoryTransactionTest" time="0.0">
    <skipped/>
  </testcase>
  <system-out><![CDATA[13:31:11.065 [Test worker] DEBUG org.springframework.test.context.junit4.SpringJUnit4ClassRunner - SpringJUnit4ClassRunner constructor called with [class com.epam.esm.task5.repository.QuestRepositoryTransactionTest]
13:31:11.065 [Test worker] DEBUG org.springframework.test.context.BootstrapUtils - Instantiating CacheAwareContextLoaderDelegate from class [org.springframework.test.context.cache.DefaultCacheAwareContextLoaderDelegate]
13:31:11.081 [Test worker] DEBUG org.springframework.test.context.BootstrapUtils - Instantiating BootstrapContext using constructor [public org.springframework.test.context.support.DefaultBootstrapContext(java.lang.Class,org.springframework.test.context.CacheAwareContextLoaderDelegate)]
13:31:11.096 [Test worker] DEBUG org.springframework.test.context.BootstrapUtils - Instantiating TestContextBootstrapper for test class [com.epam.esm.task5.repository.QuestRepositoryTransactionTest] from class [org.springframework.test.context.support.DefaultTestContextBootstrapper]
13:31:11.112 [Test worker] DEBUG org.springframework.test.context.support.AbstractDelegatingSmartContextLoader - Delegating to AnnotationConfigContextLoader to process context configuration [ContextConfigurationAttributes@1ebad57 declaringClass = 'com.epam.esm.task5.repository.QuestRepositoryTransactionTest', classes = '{class com.epam.esm.task5.repository.TestDataConfig}', locations = '{}', inheritLocations = true, initializers = '{}', inheritInitializers = true, name = [null], contextLoaderClass = 'org.springframework.test.context.ContextLoader'].
13:31:11.143 [Test worker] DEBUG org.springframework.test.context.support.DefaultTestContextBootstrapper - Could not instantiate TestExecutionListener [org.springframework.test.context.web.ServletTestExecutionListener]. Specify custom listener classes or make the default listener classes (and their required dependencies) available. Offending class: [javax/servlet/ServletContext]
13:31:11.150 [Test worker] INFO org.springframework.test.context.support.DefaultTestContextBootstrapper - Using TestExecutionListeners: [org.springframework.test.context.support.DirtiesContextBeforeModesTestExecutionListener@6fdfe326, org.springframework.test.context.support.DependencyInjectionTestExecutionListener@593442e5, org.springframework.test.context.support.DirtiesContextTestExecutionListener@382ac247, org.springframework.test.context.transaction.TransactionalTestExecutionListener@3ebd51dc, org.springframework.test.context.jdbc.SqlScriptsTestExecutionListener@2eeb43fe]
13:31:11.150 [Test worker] DEBUG org.springframework.test.annotation.ProfileValueUtils - Retrieved @ProfileValueSourceConfiguration [null] for test class [com.epam.esm.task5.repository.QuestRepositoryTransactionTest]
13:31:11.150 [Test worker] DEBUG org.springframework.test.annotation.ProfileValueUtils - Retrieved ProfileValueSource type [class org.springframework.test.annotation.SystemProfileValueSource] for class [com.epam.esm.task5.repository.QuestRepositoryTransactionTest]
13:31:11.150 [Test worker] DEBUG org.springframework.test.annotation.ProfileValueUtils - Retrieved @ProfileValueSourceConfiguration [null] for test class [com.epam.esm.task5.repository.QuestRepositoryTransactionTest]
13:31:11.150 [Test worker] DEBUG org.springframework.test.annotation.ProfileValueUtils - Retrieved ProfileValueSource type [class org.springframework.test.annotation.SystemProfileValueSource] for class [com.epam.esm.task5.repository.QuestRepositoryTransactionTest]
]]></system-out>
  <system-err><![CDATA[]]></system-err>
</testsuite>
